<?xml version="1.0" encoding="UTF-8"?>
<!-- Generated by org.testng.reporters.JUnitReportReporter -->
<testsuite hostname="ANDRES" failures="0" tests="1" name="cucumberOptions.TestNGTestRunner" time="17.715" errors="0" timestamp="2022-04-28T16:53:09 COT" skipped="0">
  <testcase classname="cucumberOptions.TestNGTestRunner" name="runScenario" time="17.715"/>
  <system-out/>
</testsuite> <!-- cucumberOptions.TestNGTestRunner -->
