<?xml version="1.0" encoding="UTF-8"?>
<!-- Generated by org.testng.reporters.JUnitReportReporter -->
<testsuite hostname="ANDRES" failures="0" tests="1" name="cucumberOptions.TestNGTestRunner" time="10.717" errors="0" timestamp="2022-04-22T14:43:20 COT" skipped="0">
  <testcase classname="cucumberOptions.TestNGTestRunner" name="runScenario" time="10.717"/>
  <system-out/>
</testsuite> <!-- cucumberOptions.TestNGTestRunner -->
